
Bookモデルのテスト
  バリデーションのテスト
    titleカラム
[32m      空欄でないこと[0m
    bodyカラム
[32m      空欄でないこと[0m
[32m      200文字以下であること: 200文字は〇[0m
[32m      200文字以下であること: 201文字は×[0m
  アソシエーションのテスト
    Userモデルとの関係
[32m      N:1となっている[0m

Userモデルのテスト
  バリデーションのテスト
    nameカラム
[32m      空欄でないこと[0m
[32m      2文字以上であること: 1文字は×[0m
[32m      2文字以上であること: 2文字は〇[0m
[32m      20文字以下であること: 20文字は〇[0m
[32m      20文字以下であること: 21文字は×[0m
[31m      一意性があること (FAILED - 1)[0m
    introductionカラム
[32m      50文字以下であること: 50文字は〇[0m
[32m      50文字以下であること: 51文字は×[0m
  アソシエーションのテスト
    Bookモデルとの関係
[32m      1:Nとなっている[0m

[STEP1] ユーザログイン前のテスト
  トップ画面のテスト
    表示内容の確認
[32m      URLが正しい[0m
[32m      Log inリンクが表示される: 左上から5番目のリンクが「Log in」である[0m
[32m      Log inリンクの内容が正しい[0m
[32m      Sign Upリンクが表示される: 左上から6番目のリンクが「Sign Up」である[0m
[32m      Sign Upリンクの内容が正しい[0m
  アバウト画面のテスト
    表示内容の確認
[31m      URLが正しい (FAILED - 2)[0m
  ヘッダーのテスト: ログインしていない場合
    表示内容の確認
[32m      タイトルが表示される[0m
[32m      Homeリンクが表示される: 左上から1番目のリンクが「Home」である[0m
[32m      Aboutリンクが表示される: 左上から2番目のリンクが「About」である[0m
[31m      sign upリンクが表示される: 左上から3番目のリンクが「sign up」である (FAILED - 3)[0m
[32m      loginリンクが表示される: 左上から4番目のリンクが「login」である[0m
    リンクの内容を確認
[32m      Homeを押すと、トップ画面に遷移する[0m
[31m      Aboutを押すと、アバウト画面に遷移する (FAILED - 4)[0m
[32m      sign upを押すと、新規登録画面に遷移する[0m
[32m      loginを押すと、ログイン画面に遷移する[0m
  ユーザ新規登録のテスト
    表示内容の確認
[32m      URLが正しい[0m
[32m      「Sign up」と表示される[0m
[32m      nameフォームが表示される[0m
[32m      emailフォームが表示される[0m
[32m      passwordフォームが表示される[0m
[32m      password_confirmationフォームが表示される[0m
[32m      Sign upボタンが表示される[0m
    新規登録成功のテスト
[32m      正しく新規登録される[0m
[32m      新規登録後のリダイレクト先が、新規登録できたユーザの詳細画面になっている[0m
  ユーザログイン
    表示内容の確認
[32m      URLが正しい[0m
[32m      「Log in」と表示される[0m
[32m      nameフォームが表示される[0m
[32m      passwordフォームが表示される[0m
[32m      Log inボタンが表示される[0m
[32m      emailフォームは表示されない[0m
    ログイン成功のテスト
[32m      ログイン後のリダイレクト先が、ログインしたユーザの詳細画面になっている[0m
    ログイン失敗のテスト
[32m      ログインに失敗し、ログイン画面にリダイレクトされる[0m
  ヘッダーのテスト: ログインしている場合
    ヘッダーの表示を確認
[32m      タイトルが表示される[0m
[32m      Homeリンクが表示される: 左上から1番目のリンクが「Home」である[0m
[32m      Usersリンクが表示される: 左上から2番目のリンクが「Users」である[0m
[32m      Booksリンクが表示される: 左上から3番目のリンクが「Books」である[0m
[32m      log outリンクが表示される: 左上から4番目のリンクが「logout」である[0m
  ユーザログアウトのテスト
    ログアウト機能のテスト
[31m      正しくログアウトできている: ログアウト後のリダイレクト先においてAbout画面へのリンクが存在する (FAILED - 5)[0m
[32m      ログアウト後のリダイレクト先が、トップになっている[0m

[STEP2] ユーザログイン後のテスト
  ヘッダーのテスト: ログインしている場合
    リンクの内容を確認: ※logoutは『ユーザログアウトのテスト』でテスト済みになります。
[32m      Homeを押すと、自分のユーザ詳細画面に遷移する[0m
[32m      Usersを押すと、ユーザ一覧画面に遷移する[0m
[32m      Booksを押すと、投稿一覧画面に遷移する[0m
  投稿一覧画面のテスト
    表示内容の確認
[32m      URLが正しい[0m
[31m      自分と他人の画像のリンク先が正しい (FAILED - 6)[0m
[32m      自分の投稿と他人の投稿のタイトルのリンク先がそれぞれ正しい[0m
[32m      自分の投稿と他人の投稿のオピニオンが表示される[0m
    サイドバーの確認
[32m      自分の名前と紹介文が表示される[0m
[32m      自分のユーザ編集画面へのリンクが存在する[0m
[32m      「New book」と表示される[0m
[32m      titleフォームが表示される[0m
[32m      titleフォームに値が入っていない[0m
[32m      opinionフォームが表示される[0m
[32m      opinionフォームに値が入っていない[0m
[32m      Create Bookボタンが表示される[0m
    投稿成功のテスト
[32m      自分の新しい投稿が正しく保存される[0m
[31m      リダイレクト先が、保存できた投稿の詳細画面になっている (FAILED - 7)[0m
  自分の投稿詳細画面のテスト
    表示内容の確認
[32m      URLが正しい[0m
[32m      「Book detail」と表示される[0m
[31m      ユーザ画像・名前のリンク先が正しい (FAILED - 8)[0m
[32m      投稿のtitleが表示される[0m
[32m      投稿のopinionが表示される[0m
[32m      投稿の編集リンクが表示される[0m
[32m      投稿の削除リンクが表示される[0m
    サイドバーの確認
[32m      自分の名前と紹介文が表示される[0m
[32m      自分のユーザ編集画面へのリンクが存在する[0m
[32m      「New book」と表示される[0m
[32m      titleフォームが表示される[0m
[32m      titleフォームに値が入っていない[0m
[32m      opinionフォームが表示される[0m
[32m      opinionフォームに値が入っていない[0m
[32m      Create Bookボタンが表示される[0m
    投稿成功のテスト
[32m      自分の新しい投稿が正しく保存される[0m
    編集リンクのテスト
[31m      編集画面に遷移する (FAILED - 9)[0m
    削除リンクのテスト
[32m      正しく削除される[0m
[32m      リダイレクト先が、投稿一覧画面になっている[0m
  自分の投稿編集画面のテスト
    表示の確認
[31m      URLが正しい (FAILED - 10)[0m
[31m      「Editing Book」と表示される (FAILED - 11)[0m
[31m      title編集フォームが表示される (FAILED - 12)[0m
[31m      opinion編集フォームが表示される (FAILED - 13)[0m
[31m      Update Bookボタンが表示される (FAILED - 14)[0m
[31m      Showリンクが表示される (FAILED - 15)[0m
[31m      Backリンクが表示される (FAILED - 16)[0m
    編集成功のテスト
[31m      titleが正しく更新される (FAILED - 17)[0m
[31m      bodyが正しく更新される (FAILED - 18)[0m
[31m      リダイレクト先が、更新した投稿の詳細画面になっている (FAILED - 19)[0m
  ユーザ一覧画面のテスト
    表示内容の確認
[32m      URLが正しい[0m
[31m      自分と他人の画像が表示される: fallbackの画像がサイドバーの1つ＋一覧(2人)の2つの計3つ存在する (FAILED - 20)[0m
[32m      自分と他人の名前がそれぞれ表示される[0m
[32m      自分と他人のshowリンクがそれぞれ表示される[0m
    サイドバーの確認
[32m      自分の名前と紹介文が表示される[0m
[32m      自分のユーザ編集画面へのリンクが存在する[0m
[32m      「New book」と表示される[0m
[32m      titleフォームが表示される[0m
[32m      titleフォームに値が入っていない[0m
[32m      opinionフォームが表示される[0m
[32m      opinionフォームに値が入っていない[0m
[32m      Create Bookボタンが表示される[0m
  自分のユーザ詳細画面のテスト
    表示の確認
[32m      URLが正しい[0m
[32m      投稿一覧のユーザ画像のリンク先が正しい[0m
[32m      投稿一覧に自分の投稿のtitleが表示され、リンクが正しい[0m
[32m      投稿一覧に自分の投稿のopinionが表示される[0m
[32m      他人の投稿は表示されない[0m
    サイドバーの確認
[32m      自分の名前と紹介文が表示される[0m
[32m      自分のユーザ編集画面へのリンクが存在する[0m
[32m      「New book」と表示される[0m
[32m      titleフォームが表示される[0m
[32m      titleフォームに値が入っていない[0m
[32m      opinionフォームが表示される[0m
[32m      opinionフォームに値が入っていない[0m
[32m      Create Bookボタンが表示される[0m
  自分のユーザ情報編集画面のテスト
    表示の確認
[32m      URLが正しい[0m
[32m      名前編集フォームに自分の名前が表示される[0m
[32m      画像編集フォームが表示される[0m
[32m      自己紹介編集フォームに自分の自己紹介文が表示される[0m
[32m      Update Userボタンが表示される[0m
    更新成功のテスト
[32m      nameが正しく更新される[0m
[32m      introductionが正しく更新される[0m
[32m      リダイレクト先が、自分のユーザ詳細画面になっている[0m

[STEP3] 仕上げのテスト
  サクセスメッセージのテスト
[32m    ユーザ新規登録成功時[0m
[32m    ユーザログイン成功時[0m
[32m    ユーザログアウト成功時[0m
[32m    ユーザのプロフィール情報更新成功時[0m
[32m    投稿データの新規投稿成功時: 投稿一覧画面から行います。[0m
[31m    投稿データの更新成功時 (FAILED - 21)[0m
  処理失敗時のテスト
    ユーザ新規登録失敗: nameを1文字にする
[32m      新規登録されない[0m
[32m      新規登録画面を表示しており、フォームの内容が正しい[0m
[31m      バリデーションエラーが表示される (FAILED - 22)[0m
    ユーザのプロフィール情報編集失敗: nameを1文字にする
[32m      更新されない[0m
[32m      ユーザ編集画面を表示しており、フォームの内容が正しい[0m
[32m      バリデーションエラーが表示される[0m
    投稿データの新規投稿失敗: 投稿一覧画面から行い、titleを空にする
[32m      投稿が保存されない[0m
[32m      投稿一覧画面を表示している[0m
[32m      新規投稿フォームの内容が正しい[0m
[32m      バリデーションエラーが表示される[0m
    投稿データの更新失敗: titleを空にする
[31m      投稿が更新されない (FAILED - 23)[0m
[31m      投稿編集画面を表示しており、フォームの内容が正しい (FAILED - 24)[0m
[31m      エラーメッセージが表示される (FAILED - 25)[0m
  ログインしていない場合のアクセス制限のテスト: アクセスできず、ログイン画面に遷移する
[32m    ユーザ一覧画面[0m
[32m    ユーザ詳細画面[0m
[32m    ユーザ情報編集画面[0m
[32m    投稿一覧画面[0m
[32m    投稿詳細画面[0m
[32m    投稿編集画面[0m
  他人の画面のテスト
    他人の投稿詳細画面のテスト
      表示内容の確認
[32m        URLが正しい[0m
[32m        「Book detail」と表示される[0m
[31m        ユーザ画像・名前のリンク先が正しい (FAILED - 26)[0m
[32m        投稿のtitleが表示される[0m
[32m        投稿のopinionが表示される[0m
[32m        投稿の編集リンクが表示されない[0m
[32m        投稿の削除リンクが表示されない[0m
      サイドバーの確認
[31m        他人の名前と紹介文が表示される (FAILED - 27)[0m
[31m        他人のユーザ編集画面へのリンクが存在する (FAILED - 28)[0m
[31m        自分の名前と紹介文は表示されない (FAILED - 29)[0m
[31m        自分のユーザ編集画面へのリンクは存在しない (FAILED - 30)[0m
    他人の投稿編集画面
[31m      遷移できず、投稿一覧画面にリダイレクトされる (FAILED - 31)[0m
    他人のユーザ詳細画面のテスト
      表示の確認
[32m        URLが正しい[0m
[31m        投稿一覧のユーザ画像のリンク先が正しい (FAILED - 32)[0m
[32m        投稿一覧に他人の投稿のtitleが表示され、リンクが正しい[0m
[32m        投稿一覧に他人の投稿のopinionが表示される[0m
[32m        自分の投稿は表示されない[0m
      サイドバーの確認
[32m        他人の名前と紹介文が表示される[0m
[32m        他人のユーザ編集画面へのリンクが存在する[0m
[32m        自分の名前と紹介文は表示されない[0m
[32m        自分のユーザ編集画面へのリンクは存在しない[0m
    他人のユーザ情報編集画面
[31m      遷移できず、自分のユーザ詳細画面にリダイレクトされる (FAILED - 33)[0m
  グリッドシステムのテスト: container, row, col-md-〇を正しく使えている
[31m    ユーザ一覧画面 (FAILED - 34)[0m
[32m    ユーザ詳細画面[0m
[32m    投稿一覧画面[0m
[31m    投稿詳細画面 (FAILED - 35)[0m
  アイコンのテスト
    トップ画面
[32m      本のアイコンが表示される[0m
    アバウト画面
[31m      本のアイコンが表示される (FAILED - 36)[0m
    ヘッダー: ログインしていない場合
[32m      Homeリンクのアイコンが表示される[0m
[31m      Aboutリンクのアイコンが表示される (FAILED - 37)[0m
[31m      sign upリンクのアイコンが表示される (FAILED - 38)[0m
[31m      loginリンクのアイコンが表示される (FAILED - 39)[0m
    ヘッダー: ログインしている場合
[32m      Homeリンクのアイコンが表示される[0m
[31m      Usersリンクのアイコンが表示される (FAILED - 40)[0m
[31m      Booksリンクのアイコンが表示される (FAILED - 41)[0m
[31m      log outリンクのアイコンが表示される (FAILED - 42)[0m
    サイドバー
[32m      ユーザ一覧画面でレンチアイコンが表示される[0m
[32m      ユーザ詳細画面でレンチアイコンが表示される[0m
[32m      投稿一覧画面でレンチアイコンが表示される[0m
[32m      投稿詳細画面でレンチアイコンが表示される[0m

Failures:

  1) Userモデルのテスト バリデーションのテスト nameカラム 一意性があること
     [31mFailure/Error: [0mis_expected.to eq [1;36mfalse[0m[0m
     [31m[0m
     [31m  expected: false[0m
     [31m       got: true[0m
     [31m[0m
     [31m  (compared using ==)[0m
     [31m[0m
     [31m  Diff:[0m[0m
     [31m  [0m[34m@@ -1 +1 @@[0m
     [31m  [0m[31m-false[0m
     [31m  [0m[32m+true[0m
     [31m  [0m[0m
     [36m# ./spec/models/user_spec.rb:33:in `block (4 levels) in <main>'[0m

  2) [STEP1] ユーザログイン前のテスト アバウト画面のテスト 表示内容の確認 URLが正しい
     [31mFailure/Error: [0mvisit [31m[1;31m'[0m[31m/home/about[1;31m'[0m[31m[0m[0m
     [31m[0m
     [31mActionController::RoutingError:[0m
     [31m  No route matches [GET] "/home/about"[0m
     [36m# /home/ec2-user/.rvm/gems/ruby-2.6.3/gems/railties-5.2.6/lib/rails/rack/logger.rb:38:in `call_app'[0m
     [36m# /home/ec2-user/.rvm/gems/ruby-2.6.3/gems/railties-5.2.6/lib/rails/rack/logger.rb:26:in `block in call'[0m
     [36m# /home/ec2-user/.rvm/gems/ruby-2.6.3/gems/railties-5.2.6/lib/rails/rack/logger.rb:26:in `call'[0m
     [36m# /home/ec2-user/.rvm/gems/ruby-2.6.3/gems/rack-2.2.3/lib/rack/method_override.rb:24:in `call'[0m
     [36m# /home/ec2-user/.rvm/gems/ruby-2.6.3/gems/rack-2.2.3/lib/rack/runtime.rb:22:in `call'[0m
     [36m# /home/ec2-user/.rvm/gems/ruby-2.6.3/gems/rack-2.2.3/lib/rack/sendfile.rb:110:in `call'[0m
     [36m# /home/ec2-user/.rvm/gems/ruby-2.6.3/gems/railties-5.2.6/lib/rails/engine.rb:524:in `call'[0m
     [36m# /home/ec2-user/.rvm/gems/ruby-2.6.3/gems/rack-2.2.3/lib/rack/urlmap.rb:74:in `block in call'[0m
     [36m# /home/ec2-user/.rvm/gems/ruby-2.6.3/gems/rack-2.2.3/lib/rack/urlmap.rb:58:in `each'[0m
     [36m# /home/ec2-user/.rvm/gems/ruby-2.6.3/gems/rack-2.2.3/lib/rack/urlmap.rb:58:in `call'[0m
     [36m# /home/ec2-user/.rvm/gems/ruby-2.6.3/gems/rack-2.2.3/lib/rack/builder.rb:244:in `call'[0m
     [36m# /home/ec2-user/.rvm/gems/ruby-2.6.3/gems/rack-test-1.1.0/lib/rack/mock_session.rb:29:in `request'[0m
     [36m# /home/ec2-user/.rvm/gems/ruby-2.6.3/gems/rack-test-1.1.0/lib/rack/test.rb:266:in `process_request'[0m
     [36m# /home/ec2-user/.rvm/gems/ruby-2.6.3/gems/rack-test-1.1.0/lib/rack/test.rb:129:in `custom_request'[0m
     [36m# /home/ec2-user/.rvm/gems/ruby-2.6.3/gems/rack-test-1.1.0/lib/rack/test.rb:58:in `get'[0m
     [36m# /home/ec2-user/.rvm/gems/ruby-2.6.3/gems/capybara-3.35.3/lib/capybara/rack_test/browser.rb:72:in `process'[0m
     [36m# /home/ec2-user/.rvm/gems/ruby-2.6.3/gems/capybara-3.35.3/lib/capybara/rack_test/browser.rb:47:in `process_and_follow_redirects'[0m
     [36m# /home/ec2-user/.rvm/gems/ruby-2.6.3/gems/capybara-3.35.3/lib/capybara/rack_test/browser.rb:24:in `visit'[0m
     [36m# /home/ec2-user/.rvm/gems/ruby-2.6.3/gems/capybara-3.35.3/lib/capybara/rack_test/driver.rb:46:in `visit'[0m
     [36m# /home/ec2-user/.rvm/gems/ruby-2.6.3/gems/capybara-3.35.3/lib/capybara/session.rb:278:in `visit'[0m
     [36m# /home/ec2-user/.rvm/gems/ruby-2.6.3/gems/capybara-3.35.3/lib/capybara/dsl.rb:58:in `block (2 levels) in <module:DSL>'[0m
     [36m# ./spec/system/01_before_login_spec.rb:34:in `block (3 levels) in <main>'[0m

  3) [STEP1] ユーザログイン前のテスト ヘッダーのテスト: ログインしていない場合 表示内容の確認 sign upリンクが表示される: 左上から3番目のリンクが「sign up」である
     [31mFailure/Error: [0m[32mexpect[0m(signup_link).to match([35m[1;35m/[0m[35msign up[1;35m/[0m[35m[35mi[0m[35m[0m)[0m
     [31m[0m
     [31m  expected "sign_up" to match /sign up/i[0m
     [31m  Diff:[0m[0m
     [31m  [0m[34m@@ -1 +1 @@[0m
     [31m  [0m[31m-/sign up/i[0m
     [31m  [0m[32m+"sign_up"[0m
     [31m  [0m[0m
     [36m# ./spec/system/01_before_login_spec.rb:63:in `block (4 levels) in <main>'[0m

  4) [STEP1] ユーザログイン前のテスト ヘッダーのテスト: ログインしていない場合 リンクの内容を確認 Aboutを押すと、アバウト画面に遷移する
     [31mFailure/Error: [0mis_expected.to eq [31m[1;31m'[0m[31m/home/about[1;31m'[0m[31m[0m[0m
     [31m[0m
     [31m  expected: "/home/about"[0m
     [31m       got: "/users/sign_in"[0m
     [31m[0m
     [31m  (compared using ==)[0m
     [36m# ./spec/system/01_before_login_spec.rb:85:in `block (4 levels) in <main>'[0m

  5) [STEP1] ユーザログイン前のテスト ユーザログアウトのテスト ログアウト機能のテスト 正しくログアウトできている: ログアウト後のリダイレクト先においてAbout画面へのリンクが存在する
     [31mFailure/Error: [0m[32mexpect[0m(page).to have_link [31m[1;31m'[0m[31m[1;31m'[0m[31m[0m, [35mhref[0m: [31m[1;31m'[0m[31m/home/about[1;31m'[0m[31m[0m[0m
     [31m  expected to find link "" with href "/home/about" but there were no matches[0m
     [36m# ./spec/system/01_before_login_spec.rb:250:in `block (4 levels) in <main>'[0m

  6) [STEP2] ユーザログイン後のテスト 投稿一覧画面のテスト 表示内容の確認 自分と他人の画像のリンク先が正しい
     [31mFailure/Error: [0m[32mexpect[0m(page).to have_link [31m[1;31m'[0m[31m[1;31m'[0m[31m[0m, [35mhref[0m: user_path(other_book.user)[0m
     [31m  expected to find link "" with href "/users/1" but there were no matches[0m
     [36m# ./spec/system/02_after_login_spec.rb:52:in `block (4 levels) in <main>'[0m

  7) [STEP2] ユーザログイン後のテスト 投稿一覧画面のテスト 投稿成功のテスト リダイレクト先が、保存できた投稿の詳細画面になっている
     [31mFailure/Error: [0m[32mexpect[0m(current_path).to eq [31m[1;31m'[0m[31m/books/[1;31m'[0m[31m[0m + [1;34;4mBook[0m.last.id.to_s[0m
     [31m[0m
     [31m  expected: "/books/3"[0m
     [31m       got: "/books"[0m
     [31m[0m
     [31m  (compared using ==)[0m
     [36m# ./spec/system/02_after_login_spec.rb:103:in `block (4 levels) in <main>'[0m

  8) [STEP2] ユーザログイン後のテスト 自分の投稿詳細画面のテスト 表示内容の確認 ユーザ画像・名前のリンク先が正しい
     [31mFailure/Error: [0m[32mexpect[0m(page).to have_link book.user.name, [35mhref[0m: user_path(book.user)[0m
     [31m  expected to find link "yzpudnqylo" with href "/users/2" but there were no matches[0m
     [36m# ./spec/system/02_after_login_spec.rb:121:in `block (4 levels) in <main>'[0m

  9) [STEP2] ユーザログイン後のテスト 自分の投稿詳細画面のテスト 編集リンクのテスト 編集画面に遷移する
     [31mFailure/Error: [0m[32mexpect[0m(current_path).to eq [31m[1;31m'[0m[31m/books/[1;31m'[0m[31m[0m + book.id.to_s + [31m[1;31m'[0m[31m/edit[1;31m'[0m[31m[0m[0m
     [31m[0m
     [31m  expected: "/books/1/edit"[0m
     [31m       got: "/"[0m
     [31m[0m
     [31m  (compared using ==)[0m
     [36m# ./spec/system/02_after_login_spec.rb:179:in `block (4 levels) in <main>'[0m

  10) [STEP2] ユーザログイン後のテスト 自分の投稿編集画面のテスト 表示の確認 URLが正しい
      [31mFailure/Error: [0m[32mexpect[0m(current_path).to eq [31m[1;31m'[0m[31m/books/[1;31m'[0m[31m[0m + book.id.to_s + [31m[1;31m'[0m[31m/edit[1;31m'[0m[31m[0m[0m
      [31m[0m
      [31m  expected: "/books/1/edit"[0m
      [31m       got: "/"[0m
      [31m[0m
      [31m  (compared using ==)[0m
      [36m# ./spec/system/02_after_login_spec.rb:204:in `block (4 levels) in <main>'[0m

  11) [STEP2] ユーザログイン後のテスト 自分の投稿編集画面のテスト 表示の確認 「Editing Book」と表示される
      [31mFailure/Error: [0m[32mexpect[0m(page).to have_content [31m[1;31m'[0m[31mEditing Book[1;31m'[0m[31m[0m[0m
      [31m  expected to find text "Editing Book" in "Bookers\nHome Users Books logout\nwelcome to Bookers !!\nIn Bookers,\nyou can share and exchange your opinions , inpressions , and emotions\nabout various books!\nLog in\nSign Up\nCopyRight Infratop.inc"[0m
      [36m# ./spec/system/02_after_login_spec.rb:207:in `block (4 levels) in <main>'[0m

  12) [STEP2] ユーザログイン後のテスト 自分の投稿編集画面のテスト 表示の確認 title編集フォームが表示される
      [31mFailure/Error: [0m[32mexpect[0m(page).to have_field [31m[1;31m'[0m[31mbook[title][1;31m'[0m[31m[0m, [35mwith[0m: book.title[0m
      [31m  expected to find field "book[title]" that is not disabled but there were no matches[0m
      [36m# ./spec/system/02_after_login_spec.rb:210:in `block (4 levels) in <main>'[0m

  13) [STEP2] ユーザログイン後のテスト 自分の投稿編集画面のテスト 表示の確認 opinion編集フォームが表示される
      [31mFailure/Error: [0m[32mexpect[0m(page).to have_field [31m[1;31m'[0m[31mbook[body][1;31m'[0m[31m[0m, [35mwith[0m: book.body[0m
      [31m  expected to find field "book[body]" that is not disabled but there were no matches[0m
      [36m# ./spec/system/02_after_login_spec.rb:213:in `block (4 levels) in <main>'[0m

  14) [STEP2] ユーザログイン後のテスト 自分の投稿編集画面のテスト 表示の確認 Update Bookボタンが表示される
      [31mFailure/Error: [0m[32mexpect[0m(page).to have_button [31m[1;31m'[0m[31mUpdate Book[1;31m'[0m[31m[0m[0m
      [31m  expected to find button "Update Book" that is not disabled but there were no matches[0m
      [36m# ./spec/system/02_after_login_spec.rb:216:in `block (4 levels) in <main>'[0m

  15) [STEP2] ユーザログイン後のテスト 自分の投稿編集画面のテスト 表示の確認 Showリンクが表示される
      [31mFailure/Error: [0m[32mexpect[0m(page).to have_link [31m[1;31m'[0m[31mShow[1;31m'[0m[31m[0m, [35mhref[0m: book_path(book)[0m
      [31m  expected to find link "Show" with href "/books/1" but there were no matches[0m
      [36m# ./spec/system/02_after_login_spec.rb:219:in `block (4 levels) in <main>'[0m

  16) [STEP2] ユーザログイン後のテスト 自分の投稿編集画面のテスト 表示の確認 Backリンクが表示される
      [31mFailure/Error: [0m[32mexpect[0m(page).to have_link [31m[1;31m'[0m[31mBack[1;31m'[0m[31m[0m, [35mhref[0m: books_path[0m
      [31m  expected to find link "Back" with href "/books" but there were no matches[0m
      [36m# ./spec/system/02_after_login_spec.rb:222:in `block (4 levels) in <main>'[0m

  17) [STEP2] ユーザログイン後のテスト 自分の投稿編集画面のテスト 編集成功のテスト titleが正しく更新される
      [31mFailure/Error: [0mfill_in [31m[1;31m'[0m[31mbook[title][1;31m'[0m[31m[0m, [35mwith[0m: [1;34;4mFaker[0m::[1;34;4mLorem[0m.characters([35mnumber[0m: [1;34m4[0m)[0m
      [31m[0m
      [31mCapybara::ElementNotFound:[0m
      [31m  Unable to find field "book[title]" that is not disabled[0m
      [36m# /home/ec2-user/.rvm/gems/ruby-2.6.3/gems/capybara-3.35.3/lib/capybara/node/finders.rb:303:in `block in synced_resolve'[0m
      [36m# /home/ec2-user/.rvm/gems/ruby-2.6.3/gems/capybara-3.35.3/lib/capybara/node/base.rb:83:in `synchronize'[0m
      [36m# /home/ec2-user/.rvm/gems/ruby-2.6.3/gems/capybara-3.35.3/lib/capybara/node/finders.rb:292:in `synced_resolve'[0m
      [36m# /home/ec2-user/.rvm/gems/ruby-2.6.3/gems/capybara-3.35.3/lib/capybara/node/finders.rb:53:in `find'[0m
      [36m# /home/ec2-user/.rvm/gems/ruby-2.6.3/gems/capybara-3.35.3/lib/capybara/node/actions.rb:91:in `fill_in'[0m
      [36m# /home/ec2-user/.rvm/gems/ruby-2.6.3/gems/capybara-3.35.3/lib/capybara/session.rb:768:in `block (2 levels) in <class:Session>'[0m
      [36m# /home/ec2-user/.rvm/gems/ruby-2.6.3/gems/capybara-3.35.3/lib/capybara/dsl.rb:58:in `block (2 levels) in <module:DSL>'[0m
      [36m# ./spec/system/02_after_login_spec.rb:230:in `block (4 levels) in <main>'[0m

  18) [STEP2] ユーザログイン後のテスト 自分の投稿編集画面のテスト 編集成功のテスト bodyが正しく更新される
      [31mFailure/Error: [0mfill_in [31m[1;31m'[0m[31mbook[title][1;31m'[0m[31m[0m, [35mwith[0m: [1;34;4mFaker[0m::[1;34;4mLorem[0m.characters([35mnumber[0m: [1;34m4[0m)[0m
      [31m[0m
      [31mCapybara::ElementNotFound:[0m
      [31m  Unable to find field "book[title]" that is not disabled[0m
      [36m# /home/ec2-user/.rvm/gems/ruby-2.6.3/gems/capybara-3.35.3/lib/capybara/node/finders.rb:303:in `block in synced_resolve'[0m
      [36m# /home/ec2-user/.rvm/gems/ruby-2.6.3/gems/capybara-3.35.3/lib/capybara/node/base.rb:83:in `synchronize'[0m
      [36m# /home/ec2-user/.rvm/gems/ruby-2.6.3/gems/capybara-3.35.3/lib/capybara/node/finders.rb:292:in `synced_resolve'[0m
      [36m# /home/ec2-user/.rvm/gems/ruby-2.6.3/gems/capybara-3.35.3/lib/capybara/node/finders.rb:53:in `find'[0m
      [36m# /home/ec2-user/.rvm/gems/ruby-2.6.3/gems/capybara-3.35.3/lib/capybara/node/actions.rb:91:in `fill_in'[0m
      [36m# /home/ec2-user/.rvm/gems/ruby-2.6.3/gems/capybara-3.35.3/lib/capybara/session.rb:768:in `block (2 levels) in <class:Session>'[0m
      [36m# /home/ec2-user/.rvm/gems/ruby-2.6.3/gems/capybara-3.35.3/lib/capybara/dsl.rb:58:in `block (2 levels) in <module:DSL>'[0m
      [36m# ./spec/system/02_after_login_spec.rb:230:in `block (4 levels) in <main>'[0m

  19) [STEP2] ユーザログイン後のテスト 自分の投稿編集画面のテスト 編集成功のテスト リダイレクト先が、更新した投稿の詳細画面になっている
      [31mFailure/Error: [0mfill_in [31m[1;31m'[0m[31mbook[title][1;31m'[0m[31m[0m, [35mwith[0m: [1;34;4mFaker[0m::[1;34;4mLorem[0m.characters([35mnumber[0m: [1;34m4[0m)[0m
      [31m[0m
      [31mCapybara::ElementNotFound:[0m
      [31m  Unable to find field "book[title]" that is not disabled[0m
      [36m# /home/ec2-user/.rvm/gems/ruby-2.6.3/gems/capybara-3.35.3/lib/capybara/node/finders.rb:303:in `block in synced_resolve'[0m
      [36m# /home/ec2-user/.rvm/gems/ruby-2.6.3/gems/capybara-3.35.3/lib/capybara/node/base.rb:83:in `synchronize'[0m
      [36m# /home/ec2-user/.rvm/gems/ruby-2.6.3/gems/capybara-3.35.3/lib/capybara/node/finders.rb:292:in `synced_resolve'[0m
      [36m# /home/ec2-user/.rvm/gems/ruby-2.6.3/gems/capybara-3.35.3/lib/capybara/node/finders.rb:53:in `find'[0m
      [36m# /home/ec2-user/.rvm/gems/ruby-2.6.3/gems/capybara-3.35.3/lib/capybara/node/actions.rb:91:in `fill_in'[0m
      [36m# /home/ec2-user/.rvm/gems/ruby-2.6.3/gems/capybara-3.35.3/lib/capybara/session.rb:768:in `block (2 levels) in <class:Session>'[0m
      [36m# /home/ec2-user/.rvm/gems/ruby-2.6.3/gems/capybara-3.35.3/lib/capybara/dsl.rb:58:in `block (2 levels) in <module:DSL>'[0m
      [36m# ./spec/system/02_after_login_spec.rb:230:in `block (4 levels) in <main>'[0m

  20) [STEP2] ユーザログイン後のテスト ユーザ一覧画面のテスト 表示内容の確認 自分と他人の画像が表示される: fallbackの画像がサイドバーの1つ＋一覧(2人)の2つの計3つ存在する
      [31mFailure/Error: [0m[32mexpect[0m(all([31m[1;31m'[0m[31mimg[1;31m'[0m[31m[0m).size).to eq([1;34m3[0m)[0m
      [31m[0m
      [31m  expected: 3[0m
      [31m       got: 1[0m
      [31m[0m
      [31m  (compared using ==)[0m
      [36m# ./spec/system/02_after_login_spec.rb:258:in `block (4 levels) in <main>'[0m

  21) [STEP3] 仕上げのテスト サクセスメッセージのテスト 投稿データの更新成功時
      [31mFailure/Error: [0mclick_button [31m[1;31m'[0m[31mUpdate Book[1;31m'[0m[31m[0m[0m
      [31m[0m
      [31mCapybara::ElementNotFound:[0m
      [31m  Unable to find button "Update Book" that is not disabled[0m
      [36m# /home/ec2-user/.rvm/gems/ruby-2.6.3/gems/capybara-3.35.3/lib/capybara/node/finders.rb:303:in `block in synced_resolve'[0m
      [36m# /home/ec2-user/.rvm/gems/ruby-2.6.3/gems/capybara-3.35.3/lib/capybara/node/base.rb:83:in `synchronize'[0m
      [36m# /home/ec2-user/.rvm/gems/ruby-2.6.3/gems/capybara-3.35.3/lib/capybara/node/finders.rb:292:in `synced_resolve'[0m
      [36m# /home/ec2-user/.rvm/gems/ruby-2.6.3/gems/capybara-3.35.3/lib/capybara/node/finders.rb:53:in `find'[0m
      [36m# /home/ec2-user/.rvm/gems/ruby-2.6.3/gems/capybara-3.35.3/lib/capybara/node/actions.rb:58:in `click_button'[0m
      [36m# /home/ec2-user/.rvm/gems/ruby-2.6.3/gems/capybara-3.35.3/lib/capybara/session.rb:768:in `block (2 levels) in <class:Session>'[0m
      [36m# /home/ec2-user/.rvm/gems/ruby-2.6.3/gems/capybara-3.35.3/lib/capybara/dsl.rb:58:in `block (2 levels) in <module:DSL>'[0m
      [36m# ./spec/system/03_finishing_touches_spec.rb:64:in `block (3 levels) in <main>'[0m

  22) [STEP3] 仕上げのテスト 処理失敗時のテスト ユーザ新規登録失敗: nameを1文字にする バリデーションエラーが表示される
      [31mFailure/Error: [0m[32mexpect[0m(page).to have_content [31m[1;31m"[0m[31mis too short (minimum is 2 characters)[1;31m"[0m[31m[0m[0m
      [31m  expected to find text "is too short (minimum is 2 characters)" in "Bookers\nHome About sign_up login\nSign up\nName\nEmail\nPassword (6 characters minimum)\nPassword confirmation\nLog in\nCopyRight Infratop.inc"[0m
      [36m# ./spec/system/03_finishing_touches_spec.rb:92:in `block (4 levels) in <main>'[0m

  23) [STEP3] 仕上げのテスト 処理失敗時のテスト 投稿データの更新失敗: titleを空にする 投稿が更新されない
      [31mFailure/Error: [0mfill_in [31m[1;31m'[0m[31mbook[title][1;31m'[0m[31m[0m, [35mwith[0m: [31m[1;31m'[0m[31m[1;31m'[0m[31m[0m[0m
      [31m[0m
      [31mCapybara::ElementNotFound:[0m
      [31m  Unable to find field "book[title]" that is not disabled[0m
      [36m# /home/ec2-user/.rvm/gems/ruby-2.6.3/gems/capybara-3.35.3/lib/capybara/node/finders.rb:303:in `block in synced_resolve'[0m
      [36m# /home/ec2-user/.rvm/gems/ruby-2.6.3/gems/capybara-3.35.3/lib/capybara/node/base.rb:83:in `synchronize'[0m
      [36m# /home/ec2-user/.rvm/gems/ruby-2.6.3/gems/capybara-3.35.3/lib/capybara/node/finders.rb:292:in `synced_resolve'[0m
      [36m# /home/ec2-user/.rvm/gems/ruby-2.6.3/gems/capybara-3.35.3/lib/capybara/node/finders.rb:53:in `find'[0m
      [36m# /home/ec2-user/.rvm/gems/ruby-2.6.3/gems/capybara-3.35.3/lib/capybara/node/actions.rb:91:in `fill_in'[0m
      [36m# /home/ec2-user/.rvm/gems/ruby-2.6.3/gems/capybara-3.35.3/lib/capybara/session.rb:768:in `block (2 levels) in <class:Session>'[0m
      [36m# /home/ec2-user/.rvm/gems/ruby-2.6.3/gems/capybara-3.35.3/lib/capybara/dsl.rb:58:in `block (2 levels) in <module:DSL>'[0m
      [36m# ./spec/system/03_finishing_touches_spec.rb:158:in `block (4 levels) in <main>'[0m

  24) [STEP3] 仕上げのテスト 処理失敗時のテスト 投稿データの更新失敗: titleを空にする 投稿編集画面を表示しており、フォームの内容が正しい
      [31mFailure/Error: [0mfill_in [31m[1;31m'[0m[31mbook[title][1;31m'[0m[31m[0m, [35mwith[0m: [31m[1;31m'[0m[31m[1;31m'[0m[31m[0m[0m
      [31m[0m
      [31mCapybara::ElementNotFound:[0m
      [31m  Unable to find field "book[title]" that is not disabled[0m
      [36m# /home/ec2-user/.rvm/gems/ruby-2.6.3/gems/capybara-3.35.3/lib/capybara/node/finders.rb:303:in `block in synced_resolve'[0m
      [36m# /home/ec2-user/.rvm/gems/ruby-2.6.3/gems/capybara-3.35.3/lib/capybara/node/base.rb:83:in `synchronize'[0m
      [36m# /home/ec2-user/.rvm/gems/ruby-2.6.3/gems/capybara-3.35.3/lib/capybara/node/finders.rb:292:in `synced_resolve'[0m
      [36m# /home/ec2-user/.rvm/gems/ruby-2.6.3/gems/capybara-3.35.3/lib/capybara/node/finders.rb:53:in `find'[0m
      [36m# /home/ec2-user/.rvm/gems/ruby-2.6.3/gems/capybara-3.35.3/lib/capybara/node/actions.rb:91:in `fill_in'[0m
      [36m# /home/ec2-user/.rvm/gems/ruby-2.6.3/gems/capybara-3.35.3/lib/capybara/session.rb:768:in `block (2 levels) in <class:Session>'[0m
      [36m# /home/ec2-user/.rvm/gems/ruby-2.6.3/gems/capybara-3.35.3/lib/capybara/dsl.rb:58:in `block (2 levels) in <module:DSL>'[0m
      [36m# ./spec/system/03_finishing_touches_spec.rb:158:in `block (4 levels) in <main>'[0m

  25) [STEP3] 仕上げのテスト 処理失敗時のテスト 投稿データの更新失敗: titleを空にする エラーメッセージが表示される
      [31mFailure/Error: [0mfill_in [31m[1;31m'[0m[31mbook[title][1;31m'[0m[31m[0m, [35mwith[0m: [31m[1;31m'[0m[31m[1;31m'[0m[31m[0m[0m
      [31m[0m
      [31mCapybara::ElementNotFound:[0m
      [31m  Unable to find field "book[title]" that is not disabled[0m
      [36m# /home/ec2-user/.rvm/gems/ruby-2.6.3/gems/capybara-3.35.3/lib/capybara/node/finders.rb:303:in `block in synced_resolve'[0m
      [36m# /home/ec2-user/.rvm/gems/ruby-2.6.3/gems/capybara-3.35.3/lib/capybara/node/base.rb:83:in `synchronize'[0m
      [36m# /home/ec2-user/.rvm/gems/ruby-2.6.3/gems/capybara-3.35.3/lib/capybara/node/finders.rb:292:in `synced_resolve'[0m
      [36m# /home/ec2-user/.rvm/gems/ruby-2.6.3/gems/capybara-3.35.3/lib/capybara/node/finders.rb:53:in `find'[0m
      [36m# /home/ec2-user/.rvm/gems/ruby-2.6.3/gems/capybara-3.35.3/lib/capybara/node/actions.rb:91:in `fill_in'[0m
      [36m# /home/ec2-user/.rvm/gems/ruby-2.6.3/gems/capybara-3.35.3/lib/capybara/session.rb:768:in `block (2 levels) in <class:Session>'[0m
      [36m# /home/ec2-user/.rvm/gems/ruby-2.6.3/gems/capybara-3.35.3/lib/capybara/dsl.rb:58:in `block (2 levels) in <module:DSL>'[0m
      [36m# ./spec/system/03_finishing_touches_spec.rb:158:in `block (4 levels) in <main>'[0m

  26) [STEP3] 仕上げのテスト 他人の画面のテスト 他人の投稿詳細画面のテスト 表示内容の確認 ユーザ画像・名前のリンク先が正しい
      [31mFailure/Error: [0m[32mexpect[0m(page).to have_link other_book.user.name, [35mhref[0m: user_path(other_book.user)[0m
      [31m  expected to find link "wseit65sn1" with href "/users/1" but there were no matches[0m
      [36m# ./spec/system/03_finishing_touches_spec.rb:226:in `block (5 levels) in <main>'[0m

  27) [STEP3] 仕上げのテスト 他人の画面のテスト 他人の投稿詳細画面のテスト サイドバーの確認 他人の名前と紹介文が表示される
      [31mFailure/Error: [0m[32mexpect[0m(page).to have_content other_user.name[0m
      [31m  expected to find text "vzhht42yj6" in "Bookers\nHome Users Books logout\nUser info\nname wifwdt4jwb introduction u3v3o8qutvd76h0v2g4u\nNew book\nTitle\nOpinion\nBook detail\n2qejc 1o8x59j8sfyftdynnmoq\nCopyRight Infratop.inc"[0m
      [36m# ./spec/system/03_finishing_touches_spec.rb:244:in `block (5 levels) in <main>'[0m

  28) [STEP3] 仕上げのテスト 他人の画面のテスト 他人の投稿詳細画面のテスト サイドバーの確認 他人のユーザ編集画面へのリンクが存在する
      [31mFailure/Error: [0m[32mexpect[0m(page).to have_link [31m[1;31m'[0m[31m[1;31m'[0m[31m[0m, [35mhref[0m: edit_user_path(other_user)[0m
      [31m  expected to find link "" with href "/users/1/edit" but there were no matches[0m
      [36m# ./spec/system/03_finishing_touches_spec.rb:248:in `block (5 levels) in <main>'[0m

  29) [STEP3] 仕上げのテスト 他人の画面のテスト 他人の投稿詳細画面のテスト サイドバーの確認 自分の名前と紹介文は表示されない
      [31mFailure/Error: [0m[32mexpect[0m(page).not_to have_content user.name[0m
      [31m  expected not to find text "qr8ys445ge" in "Bookers\nHome Users Books logout\nUser info\nname qr8ys445ge introduction iednno0bb81gq6f59tdm\nNew book\nTitle\nOpinion\nBook detail\nsys18 pd7ustnsjfsfeiq46l15\nCopyRight Infratop.inc"[0m
      [36m# ./spec/system/03_finishing_touches_spec.rb:251:in `block (5 levels) in <main>'[0m

  30) [STEP3] 仕上げのテスト 他人の画面のテスト 他人の投稿詳細画面のテスト サイドバーの確認 自分のユーザ編集画面へのリンクは存在しない
      [31mFailure/Error: [0m[32mexpect[0m(page).not_to have_link [31m[1;31m'[0m[31m[1;31m'[0m[31m[0m, [35mhref[0m: edit_user_path(user)[0m
      [31m  expected not to find visible link "" with href "/users/2/edit", found 1 match: ""[0m
      [36m# ./spec/system/03_finishing_touches_spec.rb:255:in `block (5 levels) in <main>'[0m

  31) [STEP3] 仕上げのテスト 他人の画面のテスト 他人の投稿編集画面 遷移できず、投稿一覧画面にリダイレクトされる
      [31mFailure/Error: [0m[32mexpect[0m(current_path).to eq [31m[1;31m'[0m[31m/books[1;31m'[0m[31m[0m[0m
      [31m[0m
      [31m  expected: "/books"[0m
      [31m       got: "/books/2/edit"[0m
      [31m[0m
      [31m  (compared using ==)[0m
      [36m# ./spec/system/03_finishing_touches_spec.rb:263:in `block (4 levels) in <main>'[0m

  32) [STEP3] 仕上げのテスト 他人の画面のテスト 他人のユーザ詳細画面のテスト 表示の確認 投稿一覧のユーザ画像のリンク先が正しい
      [31mFailure/Error: [0m[32mexpect[0m(page).to have_link [31m[1;31m'[0m[31m[1;31m'[0m[31m[0m, [35mhref[0m: user_path(other_user)[0m
      [31m  expected to find link "" with href "/users/1" but there were no matches[0m
      [36m# ./spec/system/03_finishing_touches_spec.rb:277:in `block (5 levels) in <main>'[0m

  33) [STEP3] 仕上げのテスト 他人の画面のテスト 他人のユーザ情報編集画面 遷移できず、自分のユーザ詳細画面にリダイレクトされる
      [31mFailure/Error: [0m[32mexpect[0m(current_path).to eq [31m[1;31m'[0m[31m/users/[1;31m'[0m[31m[0m + user.id.to_s[0m
      [31m[0m
      [31m  expected: "/users/2"[0m
      [31m       got: "/"[0m
      [31m[0m
      [31m  (compared using ==)[0m
      [36m# ./spec/system/03_finishing_touches_spec.rb:312:in `block (4 levels) in <main>'[0m

  34) [STEP3] 仕上げのテスト グリッドシステムのテスト: container, row, col-md-〇を正しく使えている ユーザ一覧画面
      [31mFailure/Error: [0mis_expected.to have_selector [31m[1;31m'[0m[31m.container .row .col-md-3[1;31m'[0m[31m[0m[0m
      [31m  expected to find css ".container .row .col-md-3" but there were no matches[0m
      [36m# ./spec/system/03_finishing_touches_spec.rb:329:in `block (3 levels) in <main>'[0m

  35) [STEP3] 仕上げのテスト グリッドシステムのテスト: container, row, col-md-〇を正しく使えている 投稿詳細画面
      [31mFailure/Error: [0mis_expected.to have_selector [31m[1;31m'[0m[31m.container .row .col-md-3[1;31m'[0m[31m[0m[0m
      [31m  expected to find css ".container .row .col-md-3" but there were no matches[0m
      [36m# ./spec/system/03_finishing_touches_spec.rb:344:in `block (3 levels) in <main>'[0m

  36) [STEP3] 仕上げのテスト アイコンのテスト アバウト画面 本のアイコンが表示される
      [31mFailure/Error: [0mvisit [31m[1;31m'[0m[31m/home/about[1;31m'[0m[31m[0m[0m
      [31m[0m
      [31mActionController::RoutingError:[0m
      [31m  No route matches [GET] "/home/about"[0m
      [36m# /home/ec2-user/.rvm/gems/ruby-2.6.3/gems/railties-5.2.6/lib/rails/rack/logger.rb:38:in `call_app'[0m
      [36m# /home/ec2-user/.rvm/gems/ruby-2.6.3/gems/railties-5.2.6/lib/rails/rack/logger.rb:26:in `block in call'[0m
      [36m# /home/ec2-user/.rvm/gems/ruby-2.6.3/gems/railties-5.2.6/lib/rails/rack/logger.rb:26:in `call'[0m
      [36m# /home/ec2-user/.rvm/gems/ruby-2.6.3/gems/rack-2.2.3/lib/rack/method_override.rb:24:in `call'[0m
      [36m# /home/ec2-user/.rvm/gems/ruby-2.6.3/gems/rack-2.2.3/lib/rack/runtime.rb:22:in `call'[0m
      [36m# /home/ec2-user/.rvm/gems/ruby-2.6.3/gems/rack-2.2.3/lib/rack/sendfile.rb:110:in `call'[0m
      [36m# /home/ec2-user/.rvm/gems/ruby-2.6.3/gems/railties-5.2.6/lib/rails/engine.rb:524:in `call'[0m
      [36m# /home/ec2-user/.rvm/gems/ruby-2.6.3/gems/rack-2.2.3/lib/rack/urlmap.rb:74:in `block in call'[0m
      [36m# /home/ec2-user/.rvm/gems/ruby-2.6.3/gems/rack-2.2.3/lib/rack/urlmap.rb:58:in `each'[0m
      [36m# /home/ec2-user/.rvm/gems/ruby-2.6.3/gems/rack-2.2.3/lib/rack/urlmap.rb:58:in `call'[0m
      [36m# /home/ec2-user/.rvm/gems/ruby-2.6.3/gems/rack-2.2.3/lib/rack/builder.rb:244:in `call'[0m
      [36m# /home/ec2-user/.rvm/gems/ruby-2.6.3/gems/rack-test-1.1.0/lib/rack/mock_session.rb:29:in `request'[0m
      [36m# /home/ec2-user/.rvm/gems/ruby-2.6.3/gems/rack-test-1.1.0/lib/rack/test.rb:266:in `process_request'[0m
      [36m# /home/ec2-user/.rvm/gems/ruby-2.6.3/gems/rack-test-1.1.0/lib/rack/test.rb:129:in `custom_request'[0m
      [36m# /home/ec2-user/.rvm/gems/ruby-2.6.3/gems/rack-test-1.1.0/lib/rack/test.rb:58:in `get'[0m
      [36m# /home/ec2-user/.rvm/gems/ruby-2.6.3/gems/capybara-3.35.3/lib/capybara/rack_test/browser.rb:72:in `process'[0m
      [36m# /home/ec2-user/.rvm/gems/ruby-2.6.3/gems/capybara-3.35.3/lib/capybara/rack_test/browser.rb:47:in `process_and_follow_redirects'[0m
      [36m# /home/ec2-user/.rvm/gems/ruby-2.6.3/gems/capybara-3.35.3/lib/capybara/rack_test/browser.rb:24:in `visit'[0m
      [36m# /home/ec2-user/.rvm/gems/ruby-2.6.3/gems/capybara-3.35.3/lib/capybara/rack_test/driver.rb:46:in `visit'[0m
      [36m# /home/ec2-user/.rvm/gems/ruby-2.6.3/gems/capybara-3.35.3/lib/capybara/session.rb:278:in `visit'[0m
      [36m# /home/ec2-user/.rvm/gems/ruby-2.6.3/gems/capybara-3.35.3/lib/capybara/dsl.rb:58:in `block (2 levels) in <module:DSL>'[0m
      [36m# ./spec/system/03_finishing_touches_spec.rb:366:in `block (4 levels) in <main>'[0m

  37) [STEP3] 仕上げのテスト アイコンのテスト ヘッダー: ログインしていない場合 Aboutリンクのアイコンが表示される
      [31mFailure/Error: [0mis_expected.to have_selector [31m[1;31m'[0m[31m.fas.fa-link[1;31m'[0m[31m[0m[0m
      [31m  expected to find css ".fas.fa-link" but there were no matches[0m
      [36m# ./spec/system/03_finishing_touches_spec.rb:385:in `block (4 levels) in <main>'[0m

  38) [STEP3] 仕上げのテスト アイコンのテスト ヘッダー: ログインしていない場合 sign upリンクのアイコンが表示される
      [31mFailure/Error: [0mis_expected.to have_selector [31m[1;31m'[0m[31m.fas.fa-user-plus[1;31m'[0m[31m[0m[0m
      [31m  expected to find css ".fas.fa-user-plus" but there were no matches[0m
      [36m# ./spec/system/03_finishing_touches_spec.rb:388:in `block (4 levels) in <main>'[0m

  39) [STEP3] 仕上げのテスト アイコンのテスト ヘッダー: ログインしていない場合 loginリンクのアイコンが表示される
      [31mFailure/Error: [0mis_expected.to have_selector [31m[1;31m'[0m[31m.fas.fa-sign-in-alt[1;31m'[0m[31m[0m[0m
      [31m  expected to find css ".fas.fa-sign-in-alt" but there were no matches[0m
      [36m# ./spec/system/03_finishing_touches_spec.rb:391:in `block (4 levels) in <main>'[0m

  40) [STEP3] 仕上げのテスト アイコンのテスト ヘッダー: ログインしている場合 Usersリンクのアイコンが表示される
      [31mFailure/Error: [0mis_expected.to have_selector [31m[1;31m'[0m[31m.fas.fa-users[1;31m'[0m[31m[0m[0m
      [31m  expected to find css ".fas.fa-users" but there were no matches[0m
      [36m# ./spec/system/03_finishing_touches_spec.rb:409:in `block (4 levels) in <main>'[0m

  41) [STEP3] 仕上げのテスト アイコンのテスト ヘッダー: ログインしている場合 Booksリンクのアイコンが表示される
      [31mFailure/Error: [0mis_expected.to have_selector [31m[1;31m'[0m[31m.fas.fa-book-open[1;31m'[0m[31m[0m[0m
      [31m  expected to find css ".fas.fa-book-open" but there were no matches[0m
      [36m# ./spec/system/03_finishing_touches_spec.rb:412:in `block (4 levels) in <main>'[0m

  42) [STEP3] 仕上げのテスト アイコンのテスト ヘッダー: ログインしている場合 log outリンクのアイコンが表示される
      [31mFailure/Error: [0mis_expected.to have_selector [31m[1;31m'[0m[31m.fas.fa-sign-out-alt[1;31m'[0m[31m[0m[0m
      [31m  expected to find css ".fas.fa-sign-out-alt" but there were no matches[0m
      [36m# ./spec/system/03_finishing_touches_spec.rb:415:in `block (4 levels) in <main>'[0m

Finished in 16.13 seconds (files took 1.44 seconds to load)
[31m197 examples, 42 failures[0m

Failed examples:

[31mrspec ./spec/models/user_spec.rb:31[0m [36m# Userモデルのテスト バリデーションのテスト nameカラム 一意性があること[0m
[31mrspec ./spec/system/01_before_login_spec.rb:38[0m [36m# [STEP1] ユーザログイン前のテスト アバウト画面のテスト 表示内容の確認 URLが正しい[0m
[31mrspec ./spec/system/01_before_login_spec.rb:61[0m [36m# [STEP1] ユーザログイン前のテスト ヘッダーのテスト: ログインしていない場合 表示内容の確認 sign upリンクが表示される: 左上から3番目のリンクが「sign up」である[0m
[31mrspec ./spec/system/01_before_login_spec.rb:81[0m [36m# [STEP1] ユーザログイン前のテスト ヘッダーのテスト: ログインしていない場合 リンクの内容を確認 Aboutを押すと、アバウト画面に遷移する[0m
[31mrspec ./spec/system/01_before_login_spec.rb:249[0m [36m# [STEP1] ユーザログイン前のテスト ユーザログアウトのテスト ログアウト機能のテスト 正しくログアウトできている: ログアウト後のリダイレクト先においてAbout画面へのリンクが存在する[0m
[31mrspec ./spec/system/02_after_login_spec.rb:50[0m [36m# [STEP2] ユーザログイン後のテスト 投稿一覧画面のテスト 表示内容の確認 自分と他人の画像のリンク先が正しい[0m
[31mrspec ./spec/system/02_after_login_spec.rb:101[0m [36m# [STEP2] ユーザログイン後のテスト 投稿一覧画面のテスト 投稿成功のテスト リダイレクト先が、保存できた投稿の詳細画面になっている[0m
[31mrspec ./spec/system/02_after_login_spec.rb:120[0m [36m# [STEP2] ユーザログイン後のテスト 自分の投稿詳細画面のテスト 表示内容の確認 ユーザ画像・名前のリンク先が正しい[0m
[31mrspec ./spec/system/02_after_login_spec.rb:177[0m [36m# [STEP2] ユーザログイン後のテスト 自分の投稿詳細画面のテスト 編集リンクのテスト 編集画面に遷移する[0m
[31mrspec ./spec/system/02_after_login_spec.rb:203[0m [36m# [STEP2] ユーザログイン後のテスト 自分の投稿編集画面のテスト 表示の確認 URLが正しい[0m
[31mrspec ./spec/system/02_after_login_spec.rb:206[0m [36m# [STEP2] ユーザログイン後のテスト 自分の投稿編集画面のテスト 表示の確認 「Editing Book」と表示される[0m
[31mrspec ./spec/system/02_after_login_spec.rb:209[0m [36m# [STEP2] ユーザログイン後のテスト 自分の投稿編集画面のテスト 表示の確認 title編集フォームが表示される[0m
[31mrspec ./spec/system/02_after_login_spec.rb:212[0m [36m# [STEP2] ユーザログイン後のテスト 自分の投稿編集画面のテスト 表示の確認 opinion編集フォームが表示される[0m
[31mrspec ./spec/system/02_after_login_spec.rb:215[0m [36m# [STEP2] ユーザログイン後のテスト 自分の投稿編集画面のテスト 表示の確認 Update Bookボタンが表示される[0m
[31mrspec ./spec/system/02_after_login_spec.rb:218[0m [36m# [STEP2] ユーザログイン後のテスト 自分の投稿編集画面のテスト 表示の確認 Showリンクが表示される[0m
[31mrspec ./spec/system/02_after_login_spec.rb:221[0m [36m# [STEP2] ユーザログイン後のテスト 自分の投稿編集画面のテスト 表示の確認 Backリンクが表示される[0m
[31mrspec ./spec/system/02_after_login_spec.rb:235[0m [36m# [STEP2] ユーザログイン後のテスト 自分の投稿編集画面のテスト 編集成功のテスト titleが正しく更新される[0m
[31mrspec ./spec/system/02_after_login_spec.rb:238[0m [36m# [STEP2] ユーザログイン後のテスト 自分の投稿編集画面のテスト 編集成功のテスト bodyが正しく更新される[0m
[31mrspec ./spec/system/02_after_login_spec.rb:241[0m [36m# [STEP2] ユーザログイン後のテスト 自分の投稿編集画面のテスト 編集成功のテスト リダイレクト先が、更新した投稿の詳細画面になっている[0m
[31mrspec ./spec/system/02_after_login_spec.rb:257[0m [36m# [STEP2] ユーザログイン後のテスト ユーザ一覧画面のテスト 表示内容の確認 自分と他人の画像が表示される: fallbackの画像がサイドバーの1つ＋一覧(2人)の2つの計3つ存在する[0m
[31mrspec ./spec/system/03_finishing_touches_spec.rb:58[0m [36m# [STEP3] 仕上げのテスト サクセスメッセージのテスト 投稿データの更新成功時[0m
[31mrspec ./spec/system/03_finishing_touches_spec.rb:90[0m [36m# [STEP3] 仕上げのテスト 処理失敗時のテスト ユーザ新規登録失敗: nameを1文字にする バリデーションエラーが表示される[0m
[31mrspec ./spec/system/03_finishing_touches_spec.rb:162[0m [36m# [STEP3] 仕上げのテスト 処理失敗時のテスト 投稿データの更新失敗: titleを空にする 投稿が更新されない[0m
[31mrspec ./spec/system/03_finishing_touches_spec.rb:165[0m [36m# [STEP3] 仕上げのテスト 処理失敗時のテスト 投稿データの更新失敗: titleを空にする 投稿編集画面を表示しており、フォームの内容が正しい[0m
[31mrspec ./spec/system/03_finishing_touches_spec.rb:170[0m [36m# [STEP3] 仕上げのテスト 処理失敗時のテスト 投稿データの更新失敗: titleを空にする エラーメッセージが表示される[0m
[31mrspec ./spec/system/03_finishing_touches_spec.rb:225[0m [36m# [STEP3] 仕上げのテスト 他人の画面のテスト 他人の投稿詳細画面のテスト 表示内容の確認 ユーザ画像・名前のリンク先が正しい[0m
[31mrspec ./spec/system/03_finishing_touches_spec.rb:243[0m [36m# [STEP3] 仕上げのテスト 他人の画面のテスト 他人の投稿詳細画面のテスト サイドバーの確認 他人の名前と紹介文が表示される[0m
[31mrspec ./spec/system/03_finishing_touches_spec.rb:247[0m [36m# [STEP3] 仕上げのテスト 他人の画面のテスト 他人の投稿詳細画面のテスト サイドバーの確認 他人のユーザ編集画面へのリンクが存在する[0m
[31mrspec ./spec/system/03_finishing_touches_spec.rb:250[0m [36m# [STEP3] 仕上げのテスト 他人の画面のテスト 他人の投稿詳細画面のテスト サイドバーの確認 自分の名前と紹介文は表示されない[0m
[31mrspec ./spec/system/03_finishing_touches_spec.rb:254[0m [36m# [STEP3] 仕上げのテスト 他人の画面のテスト 他人の投稿詳細画面のテスト サイドバーの確認 自分のユーザ編集画面へのリンクは存在しない[0m
[31mrspec ./spec/system/03_finishing_touches_spec.rb:261[0m [36m# [STEP3] 仕上げのテスト 他人の画面のテスト 他人の投稿編集画面 遷移できず、投稿一覧画面にリダイレクトされる[0m
[31mrspec ./spec/system/03_finishing_touches_spec.rb:276[0m [36m# [STEP3] 仕上げのテスト 他人の画面のテスト 他人のユーザ詳細画面のテスト 表示の確認 投稿一覧のユーザ画像のリンク先が正しい[0m
[31mrspec ./spec/system/03_finishing_touches_spec.rb:310[0m [36m# [STEP3] 仕上げのテスト 他人の画面のテスト 他人のユーザ情報編集画面 遷移できず、自分のユーザ詳細画面にリダイレクトされる[0m
[31mrspec ./spec/system/03_finishing_touches_spec.rb:327[0m [36m# [STEP3] 仕上げのテスト グリッドシステムのテスト: container, row, col-md-〇を正しく使えている ユーザ一覧画面[0m
[31mrspec ./spec/system/03_finishing_touches_spec.rb:342[0m [36m# [STEP3] 仕上げのテスト グリッドシステムのテスト: container, row, col-md-〇を正しく使えている 投稿詳細画面[0m
[31mrspec ./spec/system/03_finishing_touches_spec.rb:369[0m [36m# [STEP3] 仕上げのテスト アイコンのテスト アバウト画面 本のアイコンが表示される[0m
[31mrspec ./spec/system/03_finishing_touches_spec.rb:384[0m [36m# [STEP3] 仕上げのテスト アイコンのテスト ヘッダー: ログインしていない場合 Aboutリンクのアイコンが表示される[0m
[31mrspec ./spec/system/03_finishing_touches_spec.rb:387[0m [36m# [STEP3] 仕上げのテスト アイコンのテスト ヘッダー: ログインしていない場合 sign upリンクのアイコンが表示される[0m
[31mrspec ./spec/system/03_finishing_touches_spec.rb:390[0m [36m# [STEP3] 仕上げのテスト アイコンのテスト ヘッダー: ログインしていない場合 loginリンクのアイコンが表示される[0m
[31mrspec ./spec/system/03_finishing_touches_spec.rb:408[0m [36m# [STEP3] 仕上げのテスト アイコンのテスト ヘッダー: ログインしている場合 Usersリンクのアイコンが表示される[0m
[31mrspec ./spec/system/03_finishing_touches_spec.rb:411[0m [36m# [STEP3] 仕上げのテスト アイコンのテスト ヘッダー: ログインしている場合 Booksリンクのアイコンが表示される[0m
[31mrspec ./spec/system/03_finishing_touches_spec.rb:414[0m [36m# [STEP3] 仕上げのテスト アイコンのテスト ヘッダー: ログインしている場合 log outリンクのアイコンが表示される[0m

